[Fri, 22 Feb 2013 18:38:40 GMT] INFO Server starting with config: {
  "environment": "development",
  "workers": 1,
  "port": 4000,
  "spdy": null,
  "ssl": null,
  "debug": true,
  "rotateWorkers": false,
  "rotationWindow": 7200000,
  "rotationTimeout": 300000,
  "logDir": "/home/hpalappe/projects/nodesamples/todo/log",
  "gracefulShutdownTimeout": 30000,
  "heartbeatInterval": 5000,
  "heartbeatWindow": 20000,
  "staticFilePath": "/home/hpalappe/projects/nodesamples/todo/public",
  "sessions": {
    "store": "memory",
    "key": "sid",
    "expiry": 1209600
  },
  "cookieSessionKey": "sdata",
  "metrics": null,
  "i18n": {
    "defaultLocale": "en-us",
    "loadPaths": [
      "/home/hpalappe/projects/nodesamples/todo/config/locales"
    ]
  },
  "hostname": "localhost",
  "fullHostname": "http://localhost:4000",
  "connectCompatibility": false,
  "detailedErrors": true,
  "model": {
    "defaultAdapter": "memory"
  }
}
[Fri, 22 Feb 2013 18:38:40 GMT] INFO Creating 1 worker process.
[Fri, 22 Feb 2013 18:38:40 GMT] INFO Server worker running in development on port 4000 with a PID of: 4187
[Fri, 22 Feb 2013 18:38:40 GMT] DEBUG LOGGING STARTED ============================================
[Fri, 22 Feb 2013 18:38:40 GMT] DEBUG ============================================================
[Fri, 22 Feb 2013 18:43:21 GMT] INFO Code changed, killing 4187, cycling ...
[Fri, 22 Feb 2013 18:43:21 GMT] INFO Creating 1 worker process.
[Fri, 22 Feb 2013 18:43:21 GMT] INFO Server worker running in development on port 4000 with a PID of: 4231
[Fri, 22 Feb 2013 18:43:21 GMT] DEBUG LOGGING STARTED ============================================
[Fri, 22 Feb 2013 18:43:21 GMT] DEBUG ============================================================
[Fri, 22 Feb 2013 18:46:06 GMT] INFO Code changed, killing 4231, cycling ...
[Fri, 22 Feb 2013 18:46:06 GMT] INFO Creating 1 worker process.
[Fri, 22 Feb 2013 18:46:06 GMT] INFO Server worker running in development on port 4000 with a PID of: 4244
[Fri, 22 Feb 2013 18:46:06 GMT] DEBUG LOGGING STARTED ============================================
[Fri, 22 Feb 2013 18:46:06 GMT] DEBUG ============================================================
[Fri, 22 Feb 2013 18:47:51 GMT] INFO Code changed, killing 4244, cycling ...
[Fri, 22 Feb 2013 18:47:51 GMT] INFO Creating 1 worker process.
[Fri, 22 Feb 2013 18:47:51 GMT] INFO Code changed, killing 4263, cycling ...
[Fri, 22 Feb 2013 18:47:51 GMT] INFO Creating 1 worker process.
[Fri, 22 Feb 2013 18:47:51 GMT] INFO Server worker running in development on port 4000 with a PID of: 4264
[Fri, 22 Feb 2013 18:47:51 GMT] DEBUG LOGGING STARTED ============================================
[Fri, 22 Feb 2013 18:47:51 GMT] DEBUG ============================================================
[Fri, 22 Feb 2013 18:54:16 GMT] INFO Code changed, killing 4264, cycling ...
[Fri, 22 Feb 2013 18:54:16 GMT] INFO Creating 1 worker process.
